<?xml version="1.0" encoding="UTF-8"?>
<testsuite xmlns:xsi="http://www.w3.org/2001/XMLSchema-instance" xsi:noNamespaceSchemaLocation="https://maven.apache.org/surefire/maven-surefire-plugin/xsd/surefire-test-report.xsd" name="letovo.server.PluginTest" time="0.016" tests="1" errors="0" skipped="0" failures="0">
  <properties>
    <property name="java.specification.version" value="19"/>
    <property name="sun.jnu.encoding" value="UTF-8"/>
    <property name="java.class.path" value="/Users/daniel/Documents/Development/Projects/Java/warn-system/target/test-classes:/Users/daniel/Documents/Development/Projects/Java/warn-system/target/classes:/Users/daniel/.m2/repository/junit/junit/4.11/junit-4.11.jar:/Users/daniel/.m2/repository/org/hamcrest/hamcrest-core/1.3/hamcrest-core-1.3.jar:/Users/daniel/.m2/repository/org/spigotmc/spigot-api/1.15.1-R0.1-SNAPSHOT/spigot-api-1.15.1-R0.1-SNAPSHOT.jar:/Users/daniel/.m2/repository/commons-lang/commons-lang/2.6/commons-lang-2.6.jar:/Users/daniel/.m2/repository/com/google/guava/guava/21.0/guava-21.0.jar:/Users/daniel/.m2/repository/com/google/code/gson/gson/2.8.0/gson-2.8.0.jar:/Users/daniel/.m2/repository/net/md-5/bungeecord-chat/1.13-SNAPSHOT/bungeecord-chat-1.13-SNAPSHOT.jar:/Users/daniel/.m2/repository/org/yaml/snakeyaml/1.25/snakeyaml-1.25.jar:"/>
    <property name="java.vm.vendor" value="Homebrew"/>
    <property name="sun.arch.data.model" value="64"/>
    <property name="java.vendor.url" value="https://github.com/Homebrew/homebrew-core/issues"/>
    <property name="os.name" value="Mac OS X"/>
    <property name="java.vm.specification.version" value="19"/>
    <property name="sun.java.launcher" value="SUN_STANDARD"/>
    <property name="user.country" value="US"/>
    <property name="sun.boot.library.path" value="/opt/homebrew/Cellar/openjdk/19/libexec/openjdk.jdk/Contents/Home/lib"/>
    <property name="sun.java.command" value="/Users/daniel/Documents/Development/Projects/Java/warn-system/target/surefire/surefirebooter12130434376389871767.jar /Users/daniel/Documents/Development/Projects/Java/warn-system/target/surefire 2022-11-05T17-09-06_691-jvmRun1 surefire13979292406749979032tmp surefire_03311328002296817269tmp"/>
    <property name="http.nonProxyHosts" value="local|*.local|169.254/16|*.169.254/16"/>
    <property name="jdk.debug" value="release"/>
    <property name="surefire.test.class.path" value="/Users/daniel/Documents/Development/Projects/Java/warn-system/target/test-classes:/Users/daniel/Documents/Development/Projects/Java/warn-system/target/classes:/Users/daniel/.m2/repository/junit/junit/4.11/junit-4.11.jar:/Users/daniel/.m2/repository/org/hamcrest/hamcrest-core/1.3/hamcrest-core-1.3.jar:/Users/daniel/.m2/repository/org/spigotmc/spigot-api/1.15.1-R0.1-SNAPSHOT/spigot-api-1.15.1-R0.1-SNAPSHOT.jar:/Users/daniel/.m2/repository/commons-lang/commons-lang/2.6/commons-lang-2.6.jar:/Users/daniel/.m2/repository/com/google/guava/guava/21.0/guava-21.0.jar:/Users/daniel/.m2/repository/com/google/code/gson/gson/2.8.0/gson-2.8.0.jar:/Users/daniel/.m2/repository/net/md-5/bungeecord-chat/1.13-SNAPSHOT/bungeecord-chat-1.13-SNAPSHOT.jar:/Users/daniel/.m2/repository/org/yaml/snakeyaml/1.25/snakeyaml-1.25.jar:"/>
    <property name="sun.cpu.endian" value="little"/>
    <property name="user.home" value="/Users/daniel"/>
    <property name="user.language" value="en"/>
    <property name="java.specification.vendor" value="Oracle Corporation"/>
    <property name="java.version.date" value="2022-09-20"/>
    <property name="java.home" value="/opt/homebrew/Cellar/openjdk/19/libexec/openjdk.jdk/Contents/Home"/>
    <property name="file.separator" value="/"/>
    <property name="basedir" value="/Users/daniel/Documents/Development/Projects/Java/warn-system"/>
    <property name="java.vm.compressedOopsMode" value="Zero based"/>
    <property name="line.separator" value="&#10;"/>
    <property name="java.vm.specification.vendor" value="Oracle Corporation"/>
    <property name="java.specification.name" value="Java Platform API Specification"/>
    <property name="apple.awt.application.name" value="ForkedBooter"/>
    <property name="surefire.real.class.path" value="/Users/daniel/Documents/Development/Projects/Java/warn-system/target/surefire/surefirebooter12130434376389871767.jar"/>
    <property name="sun.management.compiler" value="HotSpot 64-Bit Tiered Compilers"/>
    <property name="ftp.nonProxyHosts" value="local|*.local|169.254/16|*.169.254/16"/>
    <property name="java.runtime.version" value="19"/>
    <property name="user.name" value="daniel"/>
    <property name="stdout.encoding" value="UTF-8"/>
    <property name="path.separator" value=":"/>
    <property name="os.version" value="13.0"/>
    <property name="java.runtime.name" value="OpenJDK Runtime Environment"/>
    <property name="file.encoding" value="UTF-8"/>
    <property name="java.vm.name" value="OpenJDK 64-Bit Server VM"/>
    <property name="java.vendor.version" value="Homebrew"/>
    <property name="localRepository" value="/Users/daniel/.m2/repository"/>
    <property name="java.vendor.url.bug" value="https://github.com/Homebrew/homebrew-core/issues"/>
    <property name="java.io.tmpdir" value="/var/folders/0d/fvyh52yx7vd9_r2zv8bc1f4c0000gn/T/"/>
    <property name="java.version" value="19"/>
    <property name="user.dir" value="/Users/daniel/Documents/Development/Projects/Java/warn-system"/>
    <property name="os.arch" value="aarch64"/>
    <property name="java.vm.specification.name" value="Java Virtual Machine Specification"/>
    <property name="native.encoding" value="UTF-8"/>
    <property name="java.library.path" value="/Users/daniel/Library/Java/Extensions:/Library/Java/Extensions:/Network/Library/Java/Extensions:/System/Library/Java/Extensions:/usr/lib/java:."/>
    <property name="java.vm.info" value="mixed mode, sharing"/>
    <property name="stderr.encoding" value="UTF-8"/>
    <property name="java.vendor" value="Homebrew"/>
    <property name="java.vm.version" value="19"/>
    <property name="sun.io.unicode.encoding" value="UnicodeBig"/>
    <property name="socksNonProxyHosts" value="local|*.local|169.254/16|*.169.254/16"/>
    <property name="java.class.version" value="63.0"/>
  </properties>
  <testcase name="shouldAnswerWithTrue" classname="letovo.server.PluginTest" time="0.001"/>
</testsuite>